2025-03-07 20:42:05,733 - INFO - Face verified for user 1 with distance 0.39358351661286356
2025-03-07 20:46:39,040 - INFO - Face verified for user 1 with distance 0.37631323214820583
2025-03-07 20:47:03,655 - INFO - Face verified for user 1 with distance 0.4268511630430774
2025-03-07 20:52:05,496 - INFO - Face verified for user 1 with distance 0.3650979818676802
2025-03-07 20:52:37,598 - INFO - Face verified for user 1 with distance 0.37526254345640864
2025-03-07 20:57:01,650 - INFO - Face verified for user 1 with distance 0.4936801671961743
2025-03-07 20:59:22,535 - INFO - Face verified for user 1 with distance 0.4325417634300944
2025-03-07 21:01:53,783 - INFO - Face verified for user 1 with distance 0.45477853493065995
2025-03-07 21:02:40,334 - INFO - Face verified for user 1 with distance 0.4989384665898718
2025-03-07 23:59:52,592 - WARNING - Shape predictor file not found at shape_predictor_68_face_landmarks.dat. Download from http://dlib.net/files/shape_predictor_68_face_landmarks.dat.bz2
2025-03-07 23:59:58,493 - ERROR - Error processing landmarks: 'FaceController' object has no attribute 'predictor'
2025-03-07 23:59:58,588 - ERROR - Error processing landmarks: 'FaceController' object has no attribute 'predictor'
2025-03-07 23:59:58,623 - ERROR - Error processing landmarks: 'FaceController' object has no attribute 'predictor'
2025-03-07 23:59:58,666 - ERROR - Error processing landmarks: 'FaceController' object has no attribute 'predictor'
2025-03-07 23:59:58,716 - ERROR - Error processing landmarks: 'FaceController' object has no attribute 'predictor'
2025-03-07 23:59:58,778 - ERROR - Error processing landmarks: 'FaceController' object has no attribute 'predictor'
2025-03-07 23:59:58,824 - ERROR - Error processing landmarks: 'FaceController' object has no attribute 'predictor'
2025-03-07 23:59:58,869 - ERROR - Error processing landmarks: 'FaceController' object has no attribute 'predictor'
2025-03-07 23:59:58,915 - ERROR - Error processing landmarks: 'FaceController' object has no attribute 'predictor'
2025-03-07 23:59:58,961 - ERROR - Error processing landmarks: 'FaceController' object has no attribute 'predictor'
2025-03-07 23:59:59,016 - ERROR - Error processing landmarks: 'FaceController' object has no attribute 'predictor'
2025-03-07 23:59:59,079 - ERROR - Error processing landmarks: 'FaceController' object has no attribute 'predictor'
2025-03-07 23:59:59,116 - ERROR - Error processing landmarks: 'FaceController' object has no attribute 'predictor'
2025-03-07 23:59:59,166 - ERROR - Error processing landmarks: 'FaceController' object has no attribute 'predictor'
2025-03-07 23:59:59,212 - ERROR - Error processing landmarks: 'FaceController' object has no attribute 'predictor'
2025-03-07 23:59:59,258 - ERROR - Error processing landmarks: 'FaceController' object has no attribute 'predictor'
2025-03-07 23:59:59,319 - ERROR - Error processing landmarks: 'FaceController' object has no attribute 'predictor'
2025-03-07 23:59:59,366 - ERROR - Error processing landmarks: 'FaceController' object has no attribute 'predictor'
2025-03-07 23:59:59,413 - ERROR - Error processing landmarks: 'FaceController' object has no attribute 'predictor'
2025-03-07 23:59:59,459 - ERROR - Error processing landmarks: 'FaceController' object has no attribute 'predictor'
2025-03-07 23:59:59,505 - ERROR - Error processing landmarks: 'FaceController' object has no attribute 'predictor'
2025-03-07 23:59:59,554 - ERROR - Error processing landmarks: 'FaceController' object has no attribute 'predictor'
2025-03-07 23:59:59,600 - ERROR - Error processing landmarks: 'FaceController' object has no attribute 'predictor'
2025-03-07 23:59:59,648 - ERROR - Error processing landmarks: 'FaceController' object has no attribute 'predictor'
2025-03-07 23:59:59,695 - ERROR - Error processing landmarks: 'FaceController' object has no attribute 'predictor'
2025-03-07 23:59:59,741 - ERROR - Error processing landmarks: 'FaceController' object has no attribute 'predictor'
2025-03-07 23:59:59,787 - ERROR - Error processing landmarks: 'FaceController' object has no attribute 'predictor'
2025-03-07 23:59:59,835 - ERROR - Error processing landmarks: 'FaceController' object has no attribute 'predictor'
2025-03-07 23:59:59,882 - ERROR - Error processing landmarks: 'FaceController' object has no attribute 'predictor'
2025-03-07 23:59:59,926 - ERROR - Error processing landmarks: 'FaceController' object has no attribute 'predictor'
2025-03-08 00:00:00,251 - INFO - Liveness detection result: False, Blink: False, Movement: False
2025-03-08 00:00:13,927 - ERROR - Error processing landmarks: 'FaceController' object has no attribute 'predictor'
2025-03-08 00:00:13,977 - ERROR - Error processing landmarks: 'FaceController' object has no attribute 'predictor'
2025-03-08 00:00:14,053 - ERROR - Error processing landmarks: 'FaceController' object has no attribute 'predictor'
2025-03-08 00:00:14,114 - ERROR - Error processing landmarks: 'FaceController' object has no attribute 'predictor'
2025-03-08 00:00:14,160 - ERROR - Error processing landmarks: 'FaceController' object has no attribute 'predictor'
2025-03-08 00:00:14,208 - ERROR - Error processing landmarks: 'FaceController' object has no attribute 'predictor'
2025-03-08 00:00:14,255 - ERROR - Error processing landmarks: 'FaceController' object has no attribute 'predictor'
2025-03-08 00:00:14,319 - ERROR - Error processing landmarks: 'FaceController' object has no attribute 'predictor'
2025-03-08 00:00:14,380 - ERROR - Error processing landmarks: 'FaceController' object has no attribute 'predictor'
2025-03-08 00:00:14,438 - ERROR - Error processing landmarks: 'FaceController' object has no attribute 'predictor'
2025-03-08 00:00:14,501 - ERROR - Error processing landmarks: 'FaceController' object has no attribute 'predictor'
2025-03-08 00:00:14,563 - ERROR - Error processing landmarks: 'FaceController' object has no attribute 'predictor'
2025-03-08 00:00:14,625 - ERROR - Error processing landmarks: 'FaceController' object has no attribute 'predictor'
2025-03-08 00:00:14,671 - ERROR - Error processing landmarks: 'FaceController' object has no attribute 'predictor'
2025-03-08 00:00:14,718 - ERROR - Error processing landmarks: 'FaceController' object has no attribute 'predictor'
2025-03-08 00:00:14,764 - ERROR - Error processing landmarks: 'FaceController' object has no attribute 'predictor'
2025-03-08 00:00:14,812 - ERROR - Error processing landmarks: 'FaceController' object has no attribute 'predictor'
2025-03-08 00:00:14,876 - ERROR - Error processing landmarks: 'FaceController' object has no attribute 'predictor'
2025-03-08 00:00:14,936 - ERROR - Error processing landmarks: 'FaceController' object has no attribute 'predictor'
2025-03-08 00:00:14,982 - ERROR - Error processing landmarks: 'FaceController' object has no attribute 'predictor'
2025-03-08 00:00:15,029 - ERROR - Error processing landmarks: 'FaceController' object has no attribute 'predictor'
2025-03-08 00:00:15,076 - ERROR - Error processing landmarks: 'FaceController' object has no attribute 'predictor'
2025-03-08 00:00:15,123 - ERROR - Error processing landmarks: 'FaceController' object has no attribute 'predictor'
2025-03-08 00:00:15,169 - ERROR - Error processing landmarks: 'FaceController' object has no attribute 'predictor'
2025-03-08 00:00:15,217 - ERROR - Error processing landmarks: 'FaceController' object has no attribute 'predictor'
2025-03-08 00:00:15,281 - ERROR - Error processing landmarks: 'FaceController' object has no attribute 'predictor'
2025-03-08 00:00:15,344 - ERROR - Error processing landmarks: 'FaceController' object has no attribute 'predictor'
2025-03-08 00:00:15,407 - ERROR - Error processing landmarks: 'FaceController' object has no attribute 'predictor'
2025-03-08 00:00:15,469 - ERROR - Error processing landmarks: 'FaceController' object has no attribute 'predictor'
2025-03-08 00:00:15,532 - ERROR - Error processing landmarks: 'FaceController' object has no attribute 'predictor'
2025-03-08 00:00:15,833 - INFO - Liveness detection result: False, Blink: False, Movement: False
2025-03-08 00:00:24,061 - ERROR - Error processing landmarks: 'FaceController' object has no attribute 'predictor'
2025-03-08 00:00:24,108 - ERROR - Error processing landmarks: 'FaceController' object has no attribute 'predictor'
2025-03-08 00:00:24,172 - ERROR - Error processing landmarks: 'FaceController' object has no attribute 'predictor'
2025-03-08 00:00:24,213 - ERROR - Error processing landmarks: 'FaceController' object has no attribute 'predictor'
2025-03-08 00:00:24,258 - ERROR - Error processing landmarks: 'FaceController' object has no attribute 'predictor'
2025-03-08 00:00:24,307 - ERROR - Error processing landmarks: 'FaceController' object has no attribute 'predictor'
2025-03-08 00:00:24,351 - ERROR - Error processing landmarks: 'FaceController' object has no attribute 'predictor'
2025-03-08 00:00:24,410 - ERROR - Error processing landmarks: 'FaceController' object has no attribute 'predictor'
2025-03-08 00:00:24,444 - ERROR - Error processing landmarks: 'FaceController' object has no attribute 'predictor'
2025-03-08 00:00:24,476 - ERROR - Error processing landmarks: 'FaceController' object has no attribute 'predictor'
2025-03-08 00:00:24,522 - ERROR - Error processing landmarks: 'FaceController' object has no attribute 'predictor'
2025-03-08 00:00:24,554 - ERROR - Error processing landmarks: 'FaceController' object has no attribute 'predictor'
2025-03-08 00:00:24,590 - ERROR - Error processing landmarks: 'FaceController' object has no attribute 'predictor'
2025-03-08 00:00:24,622 - ERROR - Error processing landmarks: 'FaceController' object has no attribute 'predictor'
2025-03-08 00:00:24,654 - ERROR - Error processing landmarks: 'FaceController' object has no attribute 'predictor'
2025-03-08 00:00:24,688 - ERROR - Error processing landmarks: 'FaceController' object has no attribute 'predictor'
2025-03-08 00:00:24,725 - ERROR - Error processing landmarks: 'FaceController' object has no attribute 'predictor'
2025-03-08 00:00:24,773 - ERROR - Error processing landmarks: 'FaceController' object has no attribute 'predictor'
2025-03-08 00:00:24,807 - ERROR - Error processing landmarks: 'FaceController' object has no attribute 'predictor'
2025-03-08 00:00:24,840 - ERROR - Error processing landmarks: 'FaceController' object has no attribute 'predictor'
2025-03-08 00:00:24,873 - ERROR - Error processing landmarks: 'FaceController' object has no attribute 'predictor'
2025-03-08 00:00:24,907 - ERROR - Error processing landmarks: 'FaceController' object has no attribute 'predictor'
2025-03-08 00:00:24,941 - ERROR - Error processing landmarks: 'FaceController' object has no attribute 'predictor'
2025-03-08 00:00:24,975 - ERROR - Error processing landmarks: 'FaceController' object has no attribute 'predictor'
2025-03-08 00:00:25,022 - ERROR - Error processing landmarks: 'FaceController' object has no attribute 'predictor'
2025-03-08 00:00:25,055 - ERROR - Error processing landmarks: 'FaceController' object has no attribute 'predictor'
2025-03-08 00:00:25,102 - ERROR - Error processing landmarks: 'FaceController' object has no attribute 'predictor'
2025-03-08 00:00:25,146 - ERROR - Error processing landmarks: 'FaceController' object has no attribute 'predictor'
2025-03-08 00:00:25,194 - ERROR - Error processing landmarks: 'FaceController' object has no attribute 'predictor'
2025-03-08 00:00:25,241 - ERROR - Error processing landmarks: 'FaceController' object has no attribute 'predictor'
2025-03-08 00:00:25,563 - INFO - Liveness detection result: False, Blink: False, Movement: False
2025-03-08 00:00:31,495 - ERROR - Error processing landmarks: 'FaceController' object has no attribute 'predictor'
2025-03-08 00:00:31,543 - ERROR - Error processing landmarks: 'FaceController' object has no attribute 'predictor'
2025-03-08 00:00:31,605 - ERROR - Error processing landmarks: 'FaceController' object has no attribute 'predictor'
2025-03-08 00:00:31,652 - ERROR - Error processing landmarks: 'FaceController' object has no attribute 'predictor'
2025-03-08 00:00:31,701 - ERROR - Error processing landmarks: 'FaceController' object has no attribute 'predictor'
2025-03-08 00:00:31,745 - ERROR - Error processing landmarks: 'FaceController' object has no attribute 'predictor'
2025-03-08 00:00:31,791 - ERROR - Error processing landmarks: 'FaceController' object has no attribute 'predictor'
2025-03-08 00:00:31,845 - ERROR - Error processing landmarks: 'FaceController' object has no attribute 'predictor'
2025-03-08 00:00:31,885 - ERROR - Error processing landmarks: 'FaceController' object has no attribute 'predictor'
2025-03-08 00:00:31,934 - ERROR - Error processing landmarks: 'FaceController' object has no attribute 'predictor'
2025-03-08 00:00:31,980 - ERROR - Error processing landmarks: 'FaceController' object has no attribute 'predictor'
2025-03-08 00:00:32,025 - ERROR - Error processing landmarks: 'FaceController' object has no attribute 'predictor'
2025-03-08 00:00:32,072 - ERROR - Error processing landmarks: 'FaceController' object has no attribute 'predictor'
2025-03-08 00:00:32,122 - ERROR - Error processing landmarks: 'FaceController' object has no attribute 'predictor'
2025-03-08 00:00:32,167 - ERROR - Error processing landmarks: 'FaceController' object has no attribute 'predictor'
2025-03-08 00:00:32,212 - ERROR - Error processing landmarks: 'FaceController' object has no attribute 'predictor'
2025-03-08 00:00:32,245 - ERROR - Error processing landmarks: 'FaceController' object has no attribute 'predictor'
2025-03-08 00:00:32,291 - ERROR - Error processing landmarks: 'FaceController' object has no attribute 'predictor'
2025-03-08 00:00:32,336 - ERROR - Error processing landmarks: 'FaceController' object has no attribute 'predictor'
2025-03-08 00:00:32,384 - ERROR - Error processing landmarks: 'FaceController' object has no attribute 'predictor'
2025-03-08 00:00:32,431 - ERROR - Error processing landmarks: 'FaceController' object has no attribute 'predictor'
2025-03-08 00:00:32,477 - ERROR - Error processing landmarks: 'FaceController' object has no attribute 'predictor'
2025-03-08 00:00:32,523 - ERROR - Error processing landmarks: 'FaceController' object has no attribute 'predictor'
2025-03-08 00:00:32,570 - ERROR - Error processing landmarks: 'FaceController' object has no attribute 'predictor'
2025-03-08 00:00:32,628 - ERROR - Error processing landmarks: 'FaceController' object has no attribute 'predictor'
2025-03-08 00:00:32,668 - ERROR - Error processing landmarks: 'FaceController' object has no attribute 'predictor'
2025-03-08 00:00:32,711 - ERROR - Error processing landmarks: 'FaceController' object has no attribute 'predictor'
2025-03-08 00:00:32,759 - ERROR - Error processing landmarks: 'FaceController' object has no attribute 'predictor'
2025-03-08 00:00:32,805 - ERROR - Error processing landmarks: 'FaceController' object has no attribute 'predictor'
2025-03-08 00:00:32,851 - ERROR - Error processing landmarks: 'FaceController' object has no attribute 'predictor'
2025-03-08 00:00:33,176 - INFO - Liveness detection result: False, Blink: False, Movement: False
2025-03-08 00:00:36,458 - ERROR - Error processing landmarks: 'FaceController' object has no attribute 'predictor'
2025-03-08 00:00:36,508 - ERROR - Error processing landmarks: 'FaceController' object has no attribute 'predictor'
2025-03-08 00:00:36,572 - ERROR - Error processing landmarks: 'FaceController' object has no attribute 'predictor'
2025-03-08 00:00:36,612 - ERROR - Error processing landmarks: 'FaceController' object has no attribute 'predictor'
2025-03-08 00:00:36,660 - ERROR - Error processing landmarks: 'FaceController' object has no attribute 'predictor'
2025-03-08 00:00:36,705 - ERROR - Error processing landmarks: 'FaceController' object has no attribute 'predictor'
2025-03-08 00:00:36,751 - ERROR - Error processing landmarks: 'FaceController' object has no attribute 'predictor'
2025-03-08 00:00:36,811 - ERROR - Error processing landmarks: 'FaceController' object has no attribute 'predictor'
2025-03-08 00:00:36,844 - ERROR - Error processing landmarks: 'FaceController' object has no attribute 'predictor'
2025-03-08 00:00:36,893 - ERROR - Error processing landmarks: 'FaceController' object has no attribute 'predictor'
2025-03-08 00:00:36,938 - ERROR - Error processing landmarks: 'FaceController' object has no attribute 'predictor'
2025-03-08 00:00:36,989 - ERROR - Error processing landmarks: 'FaceController' object has no attribute 'predictor'
2025-03-08 00:00:37,035 - ERROR - Error processing landmarks: 'FaceController' object has no attribute 'predictor'
2025-03-08 00:00:37,083 - ERROR - Error processing landmarks: 'FaceController' object has no attribute 'predictor'
2025-03-08 00:00:37,133 - ERROR - Error processing landmarks: 'FaceController' object has no attribute 'predictor'
2025-03-08 00:00:37,175 - ERROR - Error processing landmarks: 'FaceController' object has no attribute 'predictor'
2025-03-08 00:00:37,219 - ERROR - Error processing landmarks: 'FaceController' object has no attribute 'predictor'
2025-03-08 00:00:37,265 - ERROR - Error processing landmarks: 'FaceController' object has no attribute 'predictor'
2025-03-08 00:00:37,315 - ERROR - Error processing landmarks: 'FaceController' object has no attribute 'predictor'
2025-03-08 00:00:37,357 - ERROR - Error processing landmarks: 'FaceController' object has no attribute 'predictor'
2025-03-08 00:00:37,404 - ERROR - Error processing landmarks: 'FaceController' object has no attribute 'predictor'
2025-03-08 00:00:37,465 - ERROR - Error processing landmarks: 'FaceController' object has no attribute 'predictor'
2025-03-08 00:00:37,513 - ERROR - Error processing landmarks: 'FaceController' object has no attribute 'predictor'
2025-03-08 00:00:37,559 - ERROR - Error processing landmarks: 'FaceController' object has no attribute 'predictor'
2025-03-08 00:00:37,595 - ERROR - Error processing landmarks: 'FaceController' object has no attribute 'predictor'
2025-03-08 00:00:37,639 - ERROR - Error processing landmarks: 'FaceController' object has no attribute 'predictor'
2025-03-08 00:00:37,684 - ERROR - Error processing landmarks: 'FaceController' object has no attribute 'predictor'
2025-03-08 00:00:37,730 - ERROR - Error processing landmarks: 'FaceController' object has no attribute 'predictor'
2025-03-08 00:00:37,777 - ERROR - Error processing landmarks: 'FaceController' object has no attribute 'predictor'
2025-03-08 00:00:37,824 - ERROR - Error processing landmarks: 'FaceController' object has no attribute 'predictor'
2025-03-08 00:00:38,139 - INFO - Liveness detection result: False, Blink: False, Movement: False
2025-03-08 00:00:56,716 - WARNING - Shape predictor file not found at shape_predictor_68_face_landmarks.dat. Download from http://dlib.net/files/shape_predictor_68_face_landmarks.dat.bz2
2025-03-08 00:01:04,169 - ERROR - Error processing landmarks: 'FaceController' object has no attribute 'predictor'
2025-03-08 00:01:04,224 - ERROR - Error processing landmarks: 'FaceController' object has no attribute 'predictor'
2025-03-08 00:01:04,288 - ERROR - Error processing landmarks: 'FaceController' object has no attribute 'predictor'
2025-03-08 00:01:04,334 - ERROR - Error processing landmarks: 'FaceController' object has no attribute 'predictor'
2025-03-08 00:01:04,383 - ERROR - Error processing landmarks: 'FaceController' object has no attribute 'predictor'
2025-03-08 00:01:04,422 - ERROR - Error processing landmarks: 'FaceController' object has no attribute 'predictor'
2025-03-08 00:01:04,472 - ERROR - Error processing landmarks: 'FaceController' object has no attribute 'predictor'
2025-03-08 00:01:04,516 - ERROR - Error processing landmarks: 'FaceController' object has no attribute 'predictor'
2025-03-08 00:01:04,563 - ERROR - Error processing landmarks: 'FaceController' object has no attribute 'predictor'
2025-03-08 00:01:04,611 - ERROR - Error processing landmarks: 'FaceController' object has no attribute 'predictor'
2025-03-08 00:01:04,643 - ERROR - Error processing landmarks: 'FaceController' object has no attribute 'predictor'
2025-03-08 00:01:04,676 - ERROR - Error processing landmarks: 'FaceController' object has no attribute 'predictor'
2025-03-08 00:01:04,707 - ERROR - Error processing landmarks: 'FaceController' object has no attribute 'predictor'
2025-03-08 00:01:04,740 - ERROR - Error processing landmarks: 'FaceController' object has no attribute 'predictor'
2025-03-08 00:01:04,783 - ERROR - Error processing landmarks: 'FaceController' object has no attribute 'predictor'
2025-03-08 00:01:04,827 - ERROR - Error processing landmarks: 'FaceController' object has no attribute 'predictor'
2025-03-08 00:01:04,861 - ERROR - Error processing landmarks: 'FaceController' object has no attribute 'predictor'
2025-03-08 00:01:04,895 - ERROR - Error processing landmarks: 'FaceController' object has no attribute 'predictor'
2025-03-08 00:01:04,927 - ERROR - Error processing landmarks: 'FaceController' object has no attribute 'predictor'
2025-03-08 00:01:04,959 - ERROR - Error processing landmarks: 'FaceController' object has no attribute 'predictor'
2025-03-08 00:01:05,000 - ERROR - Error processing landmarks: 'FaceController' object has no attribute 'predictor'
2025-03-08 00:01:05,046 - ERROR - Error processing landmarks: 'FaceController' object has no attribute 'predictor'
2025-03-08 00:01:05,095 - ERROR - Error processing landmarks: 'FaceController' object has no attribute 'predictor'
2025-03-08 00:01:05,141 - ERROR - Error processing landmarks: 'FaceController' object has no attribute 'predictor'
2025-03-08 00:01:05,187 - ERROR - Error processing landmarks: 'FaceController' object has no attribute 'predictor'
2025-03-08 00:01:05,236 - ERROR - Error processing landmarks: 'FaceController' object has no attribute 'predictor'
2025-03-08 00:01:05,282 - ERROR - Error processing landmarks: 'FaceController' object has no attribute 'predictor'
2025-03-08 00:01:05,313 - ERROR - Error processing landmarks: 'FaceController' object has no attribute 'predictor'
2025-03-08 00:01:05,348 - ERROR - Error processing landmarks: 'FaceController' object has no attribute 'predictor'
2025-03-08 00:01:05,382 - ERROR - Error processing landmarks: 'FaceController' object has no attribute 'predictor'
2025-03-08 00:01:05,701 - INFO - Liveness detection result: False, Blink: False, Movement: False
2025-03-08 00:04:03,939 - WARNING - Shape predictor file not found at shape_predictor_68_face_landmarks.dat. Download from http://dlib.net/files/shape_predictor_68_face_landmarks.dat.bz2
2025-03-08 00:04:09,561 - ERROR - Error processing landmarks: 'FaceController' object has no attribute 'predictor'
2025-03-08 00:04:09,609 - ERROR - Error processing landmarks: 'FaceController' object has no attribute 'predictor'
2025-03-08 00:04:09,642 - ERROR - Error processing landmarks: 'FaceController' object has no attribute 'predictor'
2025-03-08 00:04:09,688 - ERROR - Error processing landmarks: 'FaceController' object has no attribute 'predictor'
2025-03-08 00:04:09,724 - ERROR - Error processing landmarks: 'FaceController' object has no attribute 'predictor'
2025-03-08 00:04:09,771 - ERROR - Error processing landmarks: 'FaceController' object has no attribute 'predictor'
2025-03-08 00:04:09,820 - ERROR - Error processing landmarks: 'FaceController' object has no attribute 'predictor'
2025-03-08 00:04:09,871 - ERROR - Error processing landmarks: 'FaceController' object has no attribute 'predictor'
2025-03-08 00:04:09,914 - ERROR - Error processing landmarks: 'FaceController' object has no attribute 'predictor'
2025-03-08 00:04:09,961 - ERROR - Error processing landmarks: 'FaceController' object has no attribute 'predictor'
2025-03-08 00:04:10,007 - ERROR - Error processing landmarks: 'FaceController' object has no attribute 'predictor'
2025-03-08 00:04:10,057 - ERROR - Error processing landmarks: 'FaceController' object has no attribute 'predictor'
2025-03-08 00:04:10,120 - ERROR - Error processing landmarks: 'FaceController' object has no attribute 'predictor'
2025-03-08 00:04:10,162 - ERROR - Error processing landmarks: 'FaceController' object has no attribute 'predictor'
2025-03-08 00:04:10,210 - ERROR - Error processing landmarks: 'FaceController' object has no attribute 'predictor'
2025-03-08 00:04:10,255 - ERROR - Error processing landmarks: 'FaceController' object has no attribute 'predictor'
2025-03-08 00:04:10,303 - ERROR - Error processing landmarks: 'FaceController' object has no attribute 'predictor'
2025-03-08 00:04:10,362 - ERROR - Error processing landmarks: 'FaceController' object has no attribute 'predictor'
2025-03-08 00:04:10,397 - ERROR - Error processing landmarks: 'FaceController' object has no attribute 'predictor'
2025-03-08 00:04:10,444 - ERROR - Error processing landmarks: 'FaceController' object has no attribute 'predictor'
2025-03-08 00:04:10,490 - ERROR - Error processing landmarks: 'FaceController' object has no attribute 'predictor'
2025-03-08 00:04:10,538 - ERROR - Error processing landmarks: 'FaceController' object has no attribute 'predictor'
2025-03-08 00:04:10,587 - ERROR - Error processing landmarks: 'FaceController' object has no attribute 'predictor'
2025-03-08 00:04:10,633 - ERROR - Error processing landmarks: 'FaceController' object has no attribute 'predictor'
2025-03-08 00:04:10,680 - ERROR - Error processing landmarks: 'FaceController' object has no attribute 'predictor'
2025-03-08 00:04:10,727 - ERROR - Error processing landmarks: 'FaceController' object has no attribute 'predictor'
2025-03-08 00:04:10,777 - ERROR - Error processing landmarks: 'FaceController' object has no attribute 'predictor'
2025-03-08 00:04:10,821 - ERROR - Error processing landmarks: 'FaceController' object has no attribute 'predictor'
2025-03-08 00:04:10,867 - ERROR - Error processing landmarks: 'FaceController' object has no attribute 'predictor'
2025-03-08 00:04:10,913 - ERROR - Error processing landmarks: 'FaceController' object has no attribute 'predictor'
2025-03-08 00:04:11,228 - INFO - Liveness detection result: False, Blink: False, Movement: False
2025-03-08 00:10:40,813 - WARNING - Shape predictor file not found at shape_predictor_68_face_landmarks.dat. Download from http://dlib.net/files/shape_predictor_68_face_landmarks.dat.bz2
2025-03-08 00:15:46,633 - WARNING - Shape predictor file not found at shape_predictor_68_face_landmarks.dat. Download from http://dlib.net/files/shape_predictor_68_face_landmarks.dat.bz2
2025-03-08 00:15:52,281 - ERROR - Error processing landmarks: 'FaceController' object has no attribute 'predictor'
2025-03-08 00:15:52,331 - ERROR - Error processing landmarks: 'FaceController' object has no attribute 'predictor'
2025-03-08 00:15:52,364 - ERROR - Error processing landmarks: 'FaceController' object has no attribute 'predictor'
2025-03-08 00:15:52,409 - ERROR - Error processing landmarks: 'FaceController' object has no attribute 'predictor'
2025-03-08 00:15:52,458 - ERROR - Error processing landmarks: 'FaceController' object has no attribute 'predictor'
2025-03-08 00:15:52,504 - ERROR - Error processing landmarks: 'FaceController' object has no attribute 'predictor'
2025-03-08 00:15:52,550 - ERROR - Error processing landmarks: 'FaceController' object has no attribute 'predictor'
2025-03-08 00:15:52,600 - ERROR - Error processing landmarks: 'FaceController' object has no attribute 'predictor'
2025-03-08 00:15:52,642 - ERROR - Error processing landmarks: 'FaceController' object has no attribute 'predictor'
2025-03-08 00:15:52,689 - ERROR - Error processing landmarks: 'FaceController' object has no attribute 'predictor'
2025-03-08 00:15:52,736 - ERROR - Error processing landmarks: 'FaceController' object has no attribute 'predictor'
2025-03-08 00:15:52,780 - ERROR - Error processing landmarks: 'FaceController' object has no attribute 'predictor'
2025-03-08 00:15:52,829 - ERROR - Error processing landmarks: 'FaceController' object has no attribute 'predictor'
2025-03-08 00:15:52,876 - ERROR - Error processing landmarks: 'FaceController' object has no attribute 'predictor'
2025-03-08 00:15:52,924 - ERROR - Error processing landmarks: 'FaceController' object has no attribute 'predictor'
2025-03-08 00:15:52,970 - ERROR - Error processing landmarks: 'FaceController' object has no attribute 'predictor'
2025-03-08 00:15:53,018 - ERROR - Error processing landmarks: 'FaceController' object has no attribute 'predictor'
2025-03-08 00:15:53,063 - ERROR - Error processing landmarks: 'FaceController' object has no attribute 'predictor'
2025-03-08 00:15:53,112 - ERROR - Error processing landmarks: 'FaceController' object has no attribute 'predictor'
2025-03-08 00:15:53,156 - ERROR - Error processing landmarks: 'FaceController' object has no attribute 'predictor'
2025-03-08 00:15:53,203 - ERROR - Error processing landmarks: 'FaceController' object has no attribute 'predictor'
2025-03-08 00:15:53,253 - ERROR - Error processing landmarks: 'FaceController' object has no attribute 'predictor'
2025-03-08 00:15:53,296 - ERROR - Error processing landmarks: 'FaceController' object has no attribute 'predictor'
2025-03-08 00:15:53,344 - ERROR - Error processing landmarks: 'FaceController' object has no attribute 'predictor'
2025-03-08 00:15:53,390 - ERROR - Error processing landmarks: 'FaceController' object has no attribute 'predictor'
2025-03-08 00:15:53,437 - ERROR - Error processing landmarks: 'FaceController' object has no attribute 'predictor'
2025-03-08 00:15:53,481 - ERROR - Error processing landmarks: 'FaceController' object has no attribute 'predictor'
2025-03-08 00:15:53,529 - ERROR - Error processing landmarks: 'FaceController' object has no attribute 'predictor'
2025-03-08 00:15:53,576 - ERROR - Error processing landmarks: 'FaceController' object has no attribute 'predictor'
2025-03-08 00:15:53,621 - ERROR - Error processing landmarks: 'FaceController' object has no attribute 'predictor'
2025-03-08 00:15:53,941 - INFO - Liveness detection result: False, Blink: False, Movement: False
2025-03-08 00:16:19,374 - WARNING - Shape predictor file not found at shape_predictor_68_face_landmarks.dat. Download from http://dlib.net/files/shape_predictor_68_face_landmarks.dat.bz2
2025-03-08 00:17:22,238 - WARNING - Shape predictor file not found at shape_predictor_68_face_landmarks.dat. Download from http://dlib.net/files/shape_predictor_68_face_landmarks.dat.bz2
2025-03-08 00:17:51,550 - WARNING - Shape predictor file not found at shape_predictor_68_face_landmarks.dat. Download from http://dlib.net/files/shape_predictor_68_face_landmarks.dat.bz2
2025-03-08 00:18:01,017 - ERROR - Error processing landmarks: 'FaceController' object has no attribute 'predictor'
2025-03-08 00:18:01,070 - ERROR - Error processing landmarks: 'FaceController' object has no attribute 'predictor'
2025-03-08 00:18:01,104 - ERROR - Error processing landmarks: 'FaceController' object has no attribute 'predictor'
2025-03-08 00:18:01,152 - ERROR - Error processing landmarks: 'FaceController' object has no attribute 'predictor'
2025-03-08 00:18:01,197 - ERROR - Error processing landmarks: 'FaceController' object has no attribute 'predictor'
2025-03-08 00:18:01,234 - ERROR - Error processing landmarks: 'FaceController' object has no attribute 'predictor'
2025-03-08 00:18:01,281 - ERROR - Error processing landmarks: 'FaceController' object has no attribute 'predictor'
2025-03-08 00:18:01,333 - ERROR - Error processing landmarks: 'FaceController' object has no attribute 'predictor'
2025-03-08 00:18:01,374 - ERROR - Error processing landmarks: 'FaceController' object has no attribute 'predictor'
2025-03-08 00:18:01,427 - ERROR - Error processing landmarks: 'FaceController' object has no attribute 'predictor'
2025-03-08 00:18:01,471 - ERROR - Error processing landmarks: 'FaceController' object has no attribute 'predictor'
2025-03-08 00:18:01,520 - ERROR - Error processing landmarks: 'FaceController' object has no attribute 'predictor'
2025-03-08 00:18:01,582 - ERROR - Error processing landmarks: 'FaceController' object has no attribute 'predictor'
2025-03-08 00:18:01,626 - ERROR - Error processing landmarks: 'FaceController' object has no attribute 'predictor'
2025-03-08 00:18:01,672 - ERROR - Error processing landmarks: 'FaceController' object has no attribute 'predictor'
2025-03-08 00:18:01,718 - ERROR - Error processing landmarks: 'FaceController' object has no attribute 'predictor'
2025-03-08 00:18:01,765 - ERROR - Error processing landmarks: 'FaceController' object has no attribute 'predictor'
2025-03-08 00:18:01,824 - ERROR - Error processing landmarks: 'FaceController' object has no attribute 'predictor'
2025-03-08 00:18:01,858 - ERROR - Error processing landmarks: 'FaceController' object has no attribute 'predictor'
2025-03-08 00:18:01,906 - ERROR - Error processing landmarks: 'FaceController' object has no attribute 'predictor'
2025-03-08 00:18:01,956 - ERROR - Error processing landmarks: 'FaceController' object has no attribute 'predictor'
2025-03-08 00:18:02,002 - ERROR - Error processing landmarks: 'FaceController' object has no attribute 'predictor'
2025-03-08 00:18:02,050 - ERROR - Error processing landmarks: 'FaceController' object has no attribute 'predictor'
2025-03-08 00:18:02,106 - ERROR - Error processing landmarks: 'FaceController' object has no attribute 'predictor'
2025-03-08 00:18:02,145 - ERROR - Error processing landmarks: 'FaceController' object has no attribute 'predictor'
2025-03-08 00:18:02,189 - ERROR - Error processing landmarks: 'FaceController' object has no attribute 'predictor'
2025-03-08 00:18:02,237 - ERROR - Error processing landmarks: 'FaceController' object has no attribute 'predictor'
2025-03-08 00:18:02,281 - ERROR - Error processing landmarks: 'FaceController' object has no attribute 'predictor'
2025-03-08 00:18:02,328 - ERROR - Error processing landmarks: 'FaceController' object has no attribute 'predictor'
2025-03-08 00:18:02,374 - ERROR - Error processing landmarks: 'FaceController' object has no attribute 'predictor'
2025-03-08 00:18:02,689 - INFO - Liveness detection result: False, Blink: False, Movement: False
2025-03-08 00:20:01,122 - WARNING - Shape predictor file not found at shape_predictor_68_face_landmarks.dat. Download from http://dlib.net/files/shape_predictor_68_face_landmarks.dat.bz2
2025-03-08 00:20:07,344 - ERROR - Error processing landmarks: 'FaceController' object has no attribute 'predictor'
2025-03-08 00:20:07,392 - ERROR - Error processing landmarks: 'FaceController' object has no attribute 'predictor'
2025-03-08 00:20:07,426 - ERROR - Error processing landmarks: 'FaceController' object has no attribute 'predictor'
2025-03-08 00:20:07,466 - ERROR - Error processing landmarks: 'FaceController' object has no attribute 'predictor'
2025-03-08 00:20:07,512 - ERROR - Error processing landmarks: 'FaceController' object has no attribute 'predictor'
2025-03-08 00:20:07,558 - ERROR - Error processing landmarks: 'FaceController' object has no attribute 'predictor'
2025-03-08 00:20:07,604 - ERROR - Error processing landmarks: 'FaceController' object has no attribute 'predictor'
2025-03-08 00:20:07,652 - ERROR - Error processing landmarks: 'FaceController' object has no attribute 'predictor'
2025-03-08 00:20:07,696 - ERROR - Error processing landmarks: 'FaceController' object has no attribute 'predictor'
2025-03-08 00:20:07,744 - ERROR - Error processing landmarks: 'FaceController' object has no attribute 'predictor'
2025-03-08 00:20:07,793 - ERROR - Error processing landmarks: 'FaceController' object has no attribute 'predictor'
2025-03-08 00:20:07,853 - ERROR - Error processing landmarks: 'FaceController' object has no attribute 'predictor'
2025-03-08 00:20:07,901 - ERROR - Error processing landmarks: 'FaceController' object has no attribute 'predictor'
2025-03-08 00:20:07,947 - ERROR - Error processing landmarks: 'FaceController' object has no attribute 'predictor'
2025-03-08 00:20:07,993 - ERROR - Error processing landmarks: 'FaceController' object has no attribute 'predictor'
2025-03-08 00:20:08,024 - ERROR - Error processing landmarks: 'FaceController' object has no attribute 'predictor'
2025-03-08 00:20:08,072 - ERROR - Error processing landmarks: 'FaceController' object has no attribute 'predictor'
2025-03-08 00:20:08,119 - ERROR - Error processing landmarks: 'FaceController' object has no attribute 'predictor'
2025-03-08 00:20:08,151 - ERROR - Error processing landmarks: 'FaceController' object has no attribute 'predictor'
2025-03-08 00:20:08,200 - ERROR - Error processing landmarks: 'FaceController' object has no attribute 'predictor'
2025-03-08 00:20:08,244 - ERROR - Error processing landmarks: 'FaceController' object has no attribute 'predictor'
2025-03-08 00:20:08,291 - ERROR - Error processing landmarks: 'FaceController' object has no attribute 'predictor'
2025-03-08 00:20:08,338 - ERROR - Error processing landmarks: 'FaceController' object has no attribute 'predictor'
2025-03-08 00:20:08,385 - ERROR - Error processing landmarks: 'FaceController' object has no attribute 'predictor'
2025-03-08 00:20:08,432 - ERROR - Error processing landmarks: 'FaceController' object has no attribute 'predictor'
2025-03-08 00:20:08,476 - ERROR - Error processing landmarks: 'FaceController' object has no attribute 'predictor'
2025-03-08 00:20:08,523 - ERROR - Error processing landmarks: 'FaceController' object has no attribute 'predictor'
2025-03-08 00:20:08,573 - ERROR - Error processing landmarks: 'FaceController' object has no attribute 'predictor'
2025-03-08 00:20:08,637 - ERROR - Error processing landmarks: 'FaceController' object has no attribute 'predictor'
2025-03-08 00:20:08,680 - ERROR - Error processing landmarks: 'FaceController' object has no attribute 'predictor'
2025-03-08 00:20:09,004 - INFO - Liveness detection result: False, Blink: False, Movement: False
2025-03-08 00:22:09,239 - INFO - Liveness detection result: False, Blink: False, Movement: False
2025-03-08 00:24:34,817 - INFO - Liveness detection result: False, Blink: False, Movement: True
2025-03-08 00:25:00,243 - INFO - Liveness detection result: False, Blink: False, Movement: False
2025-03-08 00:25:05,484 - INFO - Liveness detection result: False, Blink: False, Movement: False
2025-03-08 00:25:10,980 - INFO - Liveness detection result: False, Blink: True, Movement: False
2025-03-08 00:30:11,720 - INFO - Liveness detection result: False, Blink: False, Movement: False
2025-03-08 00:30:25,888 - INFO - Liveness detection result: False, Blink: False, Movement: True
2025-03-08 00:30:33,318 - INFO - Liveness detection result: False, Blink: False, Movement: True
2025-03-08 00:30:39,301 - INFO - Liveness detection result: False, Blink: True, Movement: False
2025-03-08 00:30:44,463 - INFO - Liveness detection result: False, Blink: False, Movement: True
2025-03-08 00:32:34,776 - INFO - Liveness detection result: False, Blink: True, Movement: False
2025-03-08 00:35:58,346 - INFO - Liveness detection result: False, Blink: False, Movement: False
2025-03-08 00:39:36,827 - INFO - Liveness detection result: False, Blink: False, Movement: False
